<?xml version="1.0" encoding="UTF-8"?>
<robot generator="Robot 4.0.3 (Python 3.9.5 on win32)" generated="20210618 18:37:43.149" rpa="false" schemaversion="2">
<suite id="s1" name="Exercicios2" source="C:\Users\Barbara\Desktop\Curso-PrimeExperts\tests\exercicios2.robot">
<test id="s1-t1" name="Formando o Email">
<kw name="Criar email com argumentos abaixo &quot;wallison&quot; e &quot;lisboa&quot; e &quot;29&quot;" sourcename="Criar email com argumentos abaixo &quot;${NOME}&quot; e &quot;${SOBRENOME}&quot; e &quot;${IDADE}&quot;">
<var>${RESULTADO}</var>
<kw name="Catenate" library="BuiltIn">
<var>${RESULTADO}</var>
<arg>SEPARATOR=_</arg>
<arg>${NOME}</arg>
<arg>${SOBRENOME}</arg>
<arg>${IDADE}</arg>
<doc>Catenates the given items together and returns the resulted string.</doc>
<msg timestamp="20210618 18:37:43.374" level="INFO">${RESULTADO} = wallison_lisboa_29</msg>
<status status="PASS" starttime="20210618 18:37:43.364" endtime="20210618 18:37:43.374"/>
</kw>
<msg timestamp="20210618 18:37:43.374" level="INFO">${RESULTADO} = wallison_lisboa_29@robot.com</msg>
<status status="PASS" starttime="20210618 18:37:43.364" endtime="20210618 18:37:43.374"/>
</kw>
<kw name="Log To Console" library="BuiltIn">
<arg>${RESULTADO}</arg>
<doc>Logs the given message to the console.</doc>
<status status="PASS" starttime="20210618 18:37:43.374" endtime="20210618 18:37:43.374"/>
</kw>
<tag>TEST_EMAIL</tag>
<status status="PASS" starttime="20210618 18:37:43.364" endtime="20210618 18:37:43.384"/>
</test>
<doc>exercício de hoje: criar kayword que gera email
com o formato nome_sobrenome_idade@robot.com</doc>
<status status="PASS" starttime="20210618 18:37:43.159" endtime="20210618 18:37:43.394"/>
</suite>
<statistics>
<total>
<stat pass="1" fail="0" skip="0">All Tests</stat>
</total>
<tag>
<stat pass="1" fail="0" skip="0">TEST_EMAIL</stat>
</tag>
<suite>
<stat pass="1" fail="0" skip="0" id="s1" name="Exercicios2">Exercicios2</stat>
</suite>
</statistics>
<errors>
</errors>
</robot>
